<?xml version="1.0" encoding="UTF-8"?>
<!-- Generated by org.testng.reporters.JUnitReportReporter -->
<testsuite hostname="MASAI" failures="0" tests="1" name="tests.LoginTest" time="4.368" errors="0" timestamp="2025-04-13T17:24:18 IST" skipped="0">
  <testcase classname="tests.LoginTest" name="LoginWithValidDetails" time="4.368"/>
</testsuite> <!-- tests.LoginTest -->
