<?xml version="1.0" encoding="UTF-8"?>
<!-- Generated by org.testng.reporters.JUnitReportReporter -->
<testsuite hostname="MASAI" failures="0" tests="3" name="tests.FileUploadTest" time="14.361" errors="0" timestamp="2025-04-13T17:56:37 IST" skipped="0">
  <testcase classname="tests.FileUploadTest" name="testUploadFileWithoutPassword" time="3.691"/>
  <testcase classname="tests.FileUploadTest" name="testUploadFileWithPassword" time="5.485"/>
  <testcase classname="tests.FileUploadTest" name="testMaxFileSizeText" time="5.185"/>
</testsuite> <!-- tests.FileUploadTest -->
